# JRE version: Java(TM) SE Runtime Environment (17.0.10+11) (build 17.0.10+11-LTS-240)
# Java VM: Java HotSpot(TM) 64-Bit Server VM (17.0.10+11-LTS-240, mixed mode, sharing, tiered, compressed oops, compressed class ptrs, g1 gc, windows-amd64)
GC Precious Log:
 CPUs: 8 total, 8 available
 Memory: 7865M
 Large Page Support: Disabled
 NUMA Support: Disabled
 Compressed Oops: Enabled (32-bit)
 Heap Region Size: 1M
 Heap Min Capacity: 256M
 Heap Initial Capacity: 256M
 Heap Max Capacity: 512M
 Pre-touch: Disabled
 Parallel Workers: 8
 Concurrent Workers: 2
 Concurrent Refinement Workers: 8
 Periodic GC: Disabled
Heap:
 garbage-first heap   total 443392K, used 292704K [0x00000000e0000000, 0x0000000100000000)
  region size 1024K, 143 young (146432K), 2 survivors (2048K)
 Metaspace       used 100093K, committed 101632K, reserved 458752K
  class space    used 13228K, committed 13888K, reserved 327680K
GC Heap History (20 events):
Event: 2112.229 GC heap before
{Heap before GC invocations=99 (full 0):
 garbage-first heap   total 443392K, used 356768K [0x00000000e0000000, 0x0000000100000000)
  region size 1024K, 190 young (194560K), 6 survivors (6144K)
 Metaspace       used 98540K, committed 100672K, reserved 458752K
  class space    used 13013K, committed 13696K, reserved 327680K
}
Event: 2112.245 GC heap after
{Heap after GC invocations=100 (full 0):
 garbage-first heap   total 443392K, used 168491K [0x00000000e0000000, 0x0000000100000000)
  region size 1024K, 5 young (5120K), 5 survivors (5120K)
 Metaspace       used 98540K, committed 100672K, reserved 458752K
  class space    used 13013K, committed 13696K, reserved 327680K
}
Event: 2112.434 GC heap before
{Heap before GC invocations=100 (full 0):
 garbage-first heap   total 443392K, used 183851K [0x00000000e0000000, 0x0000000100000000)
  region size 1024K, 21 young (21504K), 5 survivors (5120K)
 Metaspace       used 98541K, committed 100672K, reserved 458752K
  class space    used 13013K, committed 13696K, reserved 327680K
}
Event: 2112.485 GC heap after
{Heap after GC invocations=101 (full 0):
 garbage-first heap   total 443392K, used 155252K [0x00000000e0000000, 0x0000000100000000)
  region size 1024K, 3 young (3072K), 3 survivors (3072K)
 Metaspace       used 98541K, committed 100672K, reserved 458752K
  class space    used 13013K, committed 13696K, reserved 327680K
}
Event: 2273.511 GC heap before
{Heap before GC invocations=101 (full 0):
 garbage-first heap   total 443392K, used 359028K [0x00000000e0000000, 0x0000000100000000)
  region size 1024K, 203 young (207872K), 3 survivors (3072K)
 Metaspace       used 98636K, committed 100672K, reserved 458752K
  class space    used 13014K, committed 13696K, reserved 327680K
}
Event: 2273.534 GC heap after
{Heap after GC invocations=102 (full 0):
 garbage-first heap   total 443392K, used 160880K [0x00000000e0000000, 0x0000000100000000)
  region size 1024K, 8 young (8192K), 8 survivors (8192K)
 Metaspace       used 98636K, committed 100672K, reserved 458752K
  class space    used 13014K, committed 13696K, reserved 327680K
}
Event: 2277.610 GC heap before
{Heap before GC invocations=102 (full 0):
 garbage-first heap   total 443392K, used 364656K [0x00000000e0000000, 0x0000000100000000)
  region size 1024K, 207 young (211968K), 8 survivors (8192K)
 Metaspace       used 99622K, committed 100800K, reserved 458752K
  class space    used 13211K, committed 13760K, reserved 327680K
}
Event: 2277.635 GC heap after
{Heap after GC invocations=103 (full 0):
 garbage-first heap   total 443392K, used 162913K [0x00000000e0000000, 0x0000000100000000)
  region size 1024K, 10 young (10240K), 10 survivors (10240K)
 Metaspace       used 99622K, committed 100800K, reserved 458752K
  class space    used 13211K, committed 13760K, reserved 327680K
}
Event: 2302.746 GC heap before
{Heap before GC invocations=104 (full 0):
 garbage-first heap   total 443392K, used 363617K [0x00000000e0000000, 0x0000000100000000)
  region size 1024K, 209 young (214016K), 10 survivors (10240K)
 Metaspace       used 100272K, committed 101632K, reserved 458752K
  class space    used 13308K, committed 13952K, reserved 327680K
}
Event: 2302.755 GC heap after
{Heap after GC invocations=105 (full 0):
 garbage-first heap   total 443392K, used 158629K [0x00000000e0000000, 0x0000000100000000)
  region size 1024K, 9 young (9216K), 9 survivors (9216K)
 Metaspace       used 100272K, committed 101632K, reserved 458752K
  class space    used 13308K, committed 13952K, reserved 327680K
}
Event: 2307.865 GC heap before
{Heap before GC invocations=105 (full 0):
 garbage-first heap   total 443392K, used 169892K [0x00000000e0000000, 0x0000000100000000)
  region size 1024K, 21 young (21504K), 9 survivors (9216K)
 Metaspace       used 100306K, committed 101696K, reserved 458752K
  class space    used 13309K, committed 13952K, reserved 327680K
}
Event: 2307.896 GC heap after
{Heap after GC invocations=106 (full 0):
 garbage-first heap   total 443392K, used 150056K [0x00000000e0000000, 0x0000000100000000)
  region size 1024K, 3 young (3072K), 3 survivors (3072K)
 Metaspace       used 100306K, committed 101696K, reserved 458752K
  class space    used 13309K, committed 13952K, reserved 327680K
}
Event: 2449.325 GC heap before
{Heap before GC invocations=106 (full 0):
 garbage-first heap   total 443392K, used 366120K [0x00000000e0000000, 0x0000000100000000)
  region size 1024K, 215 young (220160K), 3 survivors (3072K)
 Metaspace       used 100393K, committed 101760K, reserved 458752K
  class space    used 13310K, committed 13952K, reserved 327680K
}
Event: 2449.340 GC heap after
{Heap after GC invocations=107 (full 0):
 garbage-first heap   total 443392K, used 151437K [0x00000000e0000000, 0x0000000100000000)
  region size 1024K, 4 young (4096K), 4 survivors (4096K)
 Metaspace       used 100393K, committed 101760K, reserved 458752K
  class space    used 13310K, committed 13952K, reserved 327680K
}
Event: 2524.157 GC heap before
{Heap before GC invocations=108 (full 0):
 garbage-first heap   total 443392K, used 371597K [0x00000000e0000000, 0x0000000100000000)
  region size 1024K, 219 young (224256K), 4 survivors (4096K)
 Metaspace       used 100451K, committed 101760K, reserved 458752K
  class space    used 13310K, committed 13952K, reserved 327680K
}
Event: 2524.174 GC heap after
{Heap after GC invocations=109 (full 0):
 garbage-first heap   total 443392K, used 154869K [0x00000000e0000000, 0x0000000100000000)
  region size 1024K, 8 young (8192K), 8 survivors (8192K)
 Metaspace       used 100451K, committed 101760K, reserved 458752K
  class space    used 13310K, committed 13952K, reserved 327680K
}
Event: 2524.273 GC heap before
{Heap before GC invocations=109 (full 0):
 garbage-first heap   total 443392K, used 168181K [0x00000000e0000000, 0x0000000100000000)
  region size 1024K, 21 young (21504K), 8 survivors (8192K)
 Metaspace       used 100451K, committed 101760K, reserved 458752K
  class space    used 13310K, committed 13952K, reserved 327680K
}
Event: 2524.304 GC heap after
{Heap after GC invocations=110 (full 0):
 garbage-first heap   total 443392K, used 150756K [0x00000000e0000000, 0x0000000100000000)
  region size 1024K, 2 young (2048K), 2 survivors (2048K)
 Metaspace       used 100451K, committed 101760K, reserved 458752K
  class space    used 13310K, committed 13952K, reserved 327680K
}
Event: 8232.159 GC heap before
{Heap before GC invocations=110 (full 0):
 garbage-first heap   total 443392K, used 370916K [0x00000000e0000000, 0x0000000100000000)
  region size 1024K, 218 young (223232K), 2 survivors (2048K)
 Metaspace       used 100521K, committed 101824K, reserved 458752K
  class space    used 13311K, committed 13952K, reserved 327680K
}
Event: 8232.270 GC heap after
{Heap after GC invocations=111 (full 0):
 garbage-first heap   total 443392K, used 150368K [0x00000000e0000000, 0x0000000100000000)
  region size 1024K, 2 young (2048K), 2 survivors (2048K)
 Metaspace       used 100521K, committed 101824K, reserved 458752K
  class space    used 13311K, committed 13952K, reserved 327680K
}

